<?xml version="1.0" encoding="UTF-8"?>
<!-- Generated by org.testng.reporters.JUnitReportReporter -->
<testsuite skipped="0" hostname="FILT076" name="com.actitime.scripts.LoginTest" tests="2" failures="0" timestamp="01 May 2019 12:26:21 GMT" time="44.240" errors="0">
  <testcase name="ValidLogin" time="21.499" classname="com.actitime.scripts.LoginTest"/>
  <testcase name="InvalidLogin" time="22.741" classname="com.actitime.scripts.LoginTest"/>
</testsuite> <!-- com.actitime.scripts.LoginTest -->
