<?xml version="1.0" encoding="UTF-8"?>
<!-- Generated by org.testng.reporters.JUnitReportReporter -->
<testsuite hostname="FILT076" name="com.actitime.scripts.TaskTest" tests="4" failures="0" timestamp="14 Apr 2019 09:34:30 GMT" time="79.238" errors="0">
  <testcase name="deleteProject" time="15.576" classname="com.actitime.scripts.TaskTest"/>
  <testcase name="createProject" time="23.494" classname="com.actitime.scripts.TaskTest"/>
  <testcase name="deleteCustomer" time="19.870" classname="com.actitime.scripts.TaskTest"/>
  <testcase name="createCustomer" time="20.298" classname="com.actitime.scripts.TaskTest"/>
</testsuite> <!-- com.actitime.scripts.TaskTest -->
